<?xml version="1.0" encoding="UTF-8"?>
<!-- Generated by org.testng.reporters.JUnitReportReporter -->
<testsuite hostname="DTC-5CG2252K6H" failures="0" tests="1" name="testClasses.LoginTest" time="0.010" errors="0" timestamp="20 Jul 2025 17:17:29 GMT" skipped="0">
  <testcase classname="testClasses.LoginTest" name="executeLoginTest" time="0.010"/>
</testsuite> <!-- testClasses.LoginTest -->
