<?xml version="1.0" encoding="UTF-8"?>
<!-- Generated by org.testng.reporters.JUnitReportReporter -->
<testsuite hostname="DTC-5CG2252K6H" failures="0" tests="1" name="testClasses.LoginTest" time="0.217" errors="0" timestamp="24 Jul 2025 14:02:50 GMT" skipped="0">
  <testcase classname="testClasses.LoginTest" name="executeLoginTest" time="0.217"/>
</testsuite> <!-- testClasses.LoginTest -->
