<?xml version="1.0" encoding="UTF-8"?>
<!-- Generated by org.testng.reporters.JUnitReportReporter -->
<testsuite hostname="HarshithaPrakash" failures="0" tests="1" name="testClasses.RegisterTest" time="2.818" errors="0" timestamp="19 Jul 2025 12:59:44 GMT" skipped="0">
  <testcase classname="testClasses.RegisterTest" name="validationRegistrationLink" time="2.818"/>
</testsuite> <!-- testClasses.RegisterTest -->
