<?xml version="1.0" encoding="UTF-8"?>
<!-- Generated by org.testng.reporters.JUnitReportReporter -->
<testsuite hostname="DTC-5CG2252K6H" failures="0" tests="1" name="testClasses.RegisterTest" time="0.614" errors="0" timestamp="20 Jul 2025 17:17:29 GMT" skipped="0">
  <testcase classname="testClasses.RegisterTest" name="validationRegistrationLink" time="0.614"/>
</testsuite> <!-- testClasses.RegisterTest -->
