<?xml version="1.0" encoding="UTF-8"?>
<!-- Generated by org.testng.reporters.JUnitReportReporter -->
<testsuite hostname="DTC-5CG2252K6H" failures="0" tests="1" name="testClasses.RegisterTest" time="5.520" errors="0" timestamp="27 Jul 2025 17:25:27 GMT" skipped="0">
  <testcase classname="testClasses.RegisterTest" name="validationRegistrationLink" time="5.520"/>
</testsuite> <!-- testClasses.RegisterTest -->
